<?xml version="1.0" encoding="UTF-8"?>
<!-- Generated by org.testng.reporters.JUnitReportReporter -->
<testsuite hostname="DESKTOP-0MS0N57" failures="0" tests="1" name="com.example.AppTest" time="0.000" errors="0" timestamp="2023-10-29T15:48:09 IST" skipped="0">
  <testcase classname="com.example.AppTest" name="testApp" time="0.000"/>
</testsuite> <!-- com.example.AppTest -->
